<?xml version="1.0" encoding="UTF-8" ?>
<testsuite failures="0" time="0.318" errors="0" skipped="0" tests="4" name="com.tuenti.smsradar.SmsObserverTest">
  <properties>
[...]
</properties>
  <testcase time="0.202" classname="com.tuenti.smsradar.SmsObserverTest" name="shuouldNotNotifySmsListenerIfSmsContentProviderCursorIsNotAvailable"/>
  <testcase time="0.048" classname="com.tuenti.smsradar.SmsObserverTest" name="shouldNotifySmsListenerWithSmsReceived"/>
  <testcase time="0.023" classname="com.tuenti.smsradar.SmsObserverTest" name="shouldNotifySmsListenerWithSmsSent"/>
  <testcase time="0.012" classname="com.tuenti.smsradar.SmsObserverTest" name="shouldCloseBothCursors"/>
</testsuite>